0 verbose cli /Users/rudrakshjani/.nvm/versions/node/v23.6.1/bin/node /Users/rudrakshjani/.nvm/versions/node/v23.6.1/bin/npm
1 info using npm@10.9.2
2 info using node@v23.6.1
3 silly config load:file:/Users/rudrakshjani/.nvm/versions/node/v23.6.1/lib/node_modules/npm/npmrc
4 silly config load:file:/Users/rudrakshjani/BinIq-StoreApp/.npmrc
5 silly config load:file:/Users/rudrakshjani/.npmrc
6 silly config load:file:/Users/rudrakshjani/.nvm/versions/node/v23.6.1/etc/npmrc
7 verbose title npm start
8 verbose argv "start" "--cache" "-clear"
9 verbose logfile logs-max:10 dir:/Users/rudrakshjani/BinIq-StoreApp/-clear/_logs/2025-02-07T18_25_38_334Z-
10 verbose logfile /Users/rudrakshjani/BinIq-StoreApp/-clear/_logs/2025-02-07T18_25_38_334Z-debug-0.log
11 silly logfile done cleaning log files
12 http fetch GET 200 https://registry.npmjs.org/npm 179ms
13 verbose cwd /Users/rudrakshjani/BinIq-StoreApp
14 verbose os Darwin 24.3.0
15 verbose node v23.6.1
16 verbose npm  v10.9.2
17 notice
17 notice New [31mmajor[39m version of npm available! [31m10.9.2[39m -> [34m11.1.0[39m
17 notice Changelog: [34mhttps://github.com/npm/cli/releases/tag/v11.1.0[39m
17 notice To update run: [4mnpm install -g npm@11.1.0[24m
17 notice  { force: true, [Symbol(proc-log.meta)]: true }
18 verbose exit 0
19 info ok
